2025-04-05 17:45:28 - INFO - Logging initialized
2025-04-05 17:45:28 - INFO - Starting CNRD bootstrap process
2025-04-05 17:45:28 - INFO - Game starting up
2025-04-05 17:45:28 - INFO - Game initialized with data from config files and Location objects created.
2025-04-05 17:45:28 - WARNING - Dev instruction file main_instructions.txt not found
2025-04-05 17:45:28 - WARNING - Dev instruction file menu_instructions.txt not found
2025-04-05 17:45:28 - WARNING - Development instructions not fully loaded or missing.
2025-04-05 17:45:28 - INFO - Game loaded successfully from saves\karl.json
2025-04-05 17:45:28 - ERROR - Failed to load daemon from data: {'name': 'Virulet', 'level': 5, 'types': ['VIRUS'], 'hp': 22, 'max_hp': 22, 'attack': 15, 'defense': 12, 'speed': 15, 'xp': 0, 'xp_next_level': 125, 'programs': [{'id': 'data_corruption', 'name': 'Data Corruption', 'power': 40, 'accuracy': 95, 'type': 'VIRUS', 'effect': 'damage', 'description': "Corrupts the target's data structures"}, {'id': 'memory_leak', 'name': 'Memory Leak', 'power': 30, 'accuracy': 100, 'type': 'VIRUS', 'effect': 'status:CORRUPTED', 'description': "Creates a memory leak in the target's system"}]}. Error: 'base_hp'
Traceback (most recent call last):
  File "D:\PROJECTS\CNRD PROTOTYPE\player.py", line 309, in from_dict
    player.daemons.append(Daemon.from_dict(daemon_data))
  File "D:\PROJECTS\CNRD PROTOTYPE\daemon.py", line 369, in from_dict
    data["base_hp"],
KeyError: 'base_hp'
2025-04-05 17:45:28 - INFO - Loaded player: karl
2025-04-05 17:45:48 - INFO - Trying to move west from Home Terminal
2025-04-05 17:45:48 - INFO - No exit in direction west from Home Terminal
2025-04-05 17:45:48 - INFO - Trying to move south from Home Terminal
2025-04-05 17:45:48 - INFO - No exit in direction south from Home Terminal
2025-04-05 17:45:48 - INFO - Trying to move east from Home Terminal
2025-04-05 17:45:48 - INFO - No exit in direction east from Home Terminal
2025-04-05 17:45:48 - INFO - Trying to move west from Home Terminal
2025-04-05 17:45:48 - INFO - No exit in direction west from Home Terminal
2025-04-05 17:45:48 - INFO - Trying to move north from Home Terminal
2025-04-05 17:45:48 - INFO - No exit in direction north from Home Terminal
2025-04-05 17:45:48 - INFO - Trying to move west from Home Terminal
2025-04-05 17:45:48 - INFO - No exit in direction west from Home Terminal
2025-04-05 17:45:49 - INFO - Trying to move east from Home Terminal
2025-04-05 17:45:49 - INFO - No exit in direction east from Home Terminal
2025-04-05 17:45:49 - INFO - Trying to move south from Home Terminal
2025-04-05 17:45:49 - INFO - No exit in direction south from Home Terminal
2025-04-05 17:45:49 - INFO - Trying to move west from Home Terminal
2025-04-05 17:45:49 - INFO - No exit in direction west from Home Terminal
2025-04-05 17:45:49 - INFO - Trying to move south from Home Terminal
2025-04-05 17:45:49 - INFO - No exit in direction south from Home Terminal
2025-04-05 17:45:49 - INFO - Trying to move east from Home Terminal
2025-04-05 17:45:49 - INFO - No exit in direction east from Home Terminal
2025-04-05 17:45:49 - INFO - Trying to move west from Home Terminal
2025-04-05 17:45:49 - INFO - No exit in direction west from Home Terminal
2025-04-05 17:45:49 - INFO - Trying to move north from Home Terminal
2025-04-05 17:45:49 - INFO - No exit in direction north from Home Terminal
2025-04-05 17:45:49 - INFO - Trying to move west from Home Terminal
2025-04-05 17:45:49 - INFO - No exit in direction west from Home Terminal
2025-04-05 17:45:57 - INFO - Game shutting down
2025-04-05 17:45:57 - INFO - Game log saved to logs\game_session_20250405_174557.log
