2025-04-05 17:40:22 - INFO - Logging initialized
2025-04-05 17:40:22 - INFO - Starting CNRD bootstrap process
2025-04-05 17:40:22 - INFO - Game starting up
2025-04-05 17:40:22 - INFO - Game initialized with data from config files and Location objects created.
2025-04-05 17:40:22 - WARNING - Dev instruction file main_instructions.txt not found
2025-04-05 17:40:22 - WARNING - Dev instruction file menu_instructions.txt not found
2025-04-05 17:40:22 - WARNING - Development instructions not fully loaded or missing.
2025-04-05 17:40:22 - INFO - Game loaded successfully from saves\karl.json
2025-04-05 17:40:22 - ERROR - Failed to load daemon from data: {'name': 'Virulet', 'level': 5, 'types': ['VIRUS'], 'hp': 22, 'max_hp': 22, 'attack': 15, 'defense': 12, 'speed': 15, 'xp': 0, 'xp_next_level': 125, 'programs': [{'id': 'data_corruption', 'name': 'Data Corruption', 'power': 40, 'accuracy': 95, 'type': 'VIRUS', 'effect': 'damage', 'description': "Corrupts the target's data structures"}, {'id': 'memory_leak', 'name': 'Memory Leak', 'power': 30, 'accuracy': 100, 'type': 'VIRUS', 'effect': 'status:CORRUPTED', 'description': "Creates a memory leak in the target's system"}]}. Error: 'base_hp'
Traceback (most recent call last):
  File "D:\PROJECTS\CNRD PROTOTYPE\player.py", line 309, in from_dict
    player.daemons.append(Daemon.from_dict(daemon_data))
  File "D:\PROJECTS\CNRD PROTOTYPE\daemon.py", line 369, in from_dict
    data["base_hp"],
KeyError: 'base_hp'
2025-04-05 17:40:22 - INFO - Loaded player: karl
2025-04-05 17:40:22 - CRITICAL - Unhandled exception: list assignment index out of range
Traceback (most recent call last):
  File "D:\PROJECTS\CNRD PROTOTYPE\bootstrap.py", line 51, in run_game_with_error_handling
    game.main()
  File "D:\PROJECTS\CNRD PROTOTYPE\game.py", line 1098, in main
    draw_main_menu(screen, font, menu_selected_index)
  File "D:\PROJECTS\CNRD PROTOTYPE\game.py", line 413, in draw_main_menu
    border_color[3] = int(155 + 100 * pulse)  # Pulsing alpha
IndexError: list assignment index out of range
2025-04-05 17:40:22 - INFO - Crash report created: logs\crashes\crash_20250405_174022.txt
