2025-04-04 20:16:36 - INFO - Logging initialized
2025-04-04 20:16:36 - INFO - Starting CNRD bootstrap process
2025-04-04 20:16:36 - INFO - Game starting up
2025-04-04 20:16:36 - INFO - Game data loaded successfully from config files
2025-04-04 20:16:36 - INFO - Game initialized with data from config files and Location objects created.
2025-04-04 20:16:45 - WARNING - Save file not found: saves\new1.json
2025-04-04 20:17:08 - INFO - Encounter triggered in Downtown District but no wild_daemons defined or list is empty.
2025-04-04 20:18:19 - INFO - Encounter triggered in Central Network Hub but no wild_daemons defined or list is empty.
2025-04-04 20:18:31 - INFO - Encounter triggered in Uptown District but no wild_daemons defined or list is empty.
2025-04-04 20:18:49 - INFO - Encounter triggered in Central Network Hub but no wild_daemons defined or list is empty.
2025-04-04 20:18:59 - INFO - Encounter triggered in Daemon Research Lab but no wild_daemons defined or list is empty.
2025-04-04 20:19:04 - CRITICAL - Unhandled exception: Player.display_status() missing 1 required positional argument: 'world_map'
2025-04-04 20:19:04 - CRITICAL - Traceback (most recent call last):
  File "D:\PROJECTS\CNRD PROTOTYPE\bootstrap.py", line 51, in run_game_with_error_handling
    game.main()
  File "D:\PROJECTS\CNRD PROTOTYPE\game.py", line 567, in main
    player.display_status() # Assumes Player class has a display_status method
TypeError: Player.display_status() missing 1 required positional argument: 'world_map'

2025-04-04 20:19:04 - INFO - Crash report created: logs\crashes\crash_20250404_201904.txt
2025-04-04 20:19:05 - INFO - Game execution completed
