2025-04-05 16:42:51 - INFO - Logging initialized
2025-04-05 16:42:51 - INFO - Starting CNRD bootstrap process
2025-04-05 16:42:51 - INFO - Game starting up
2025-04-05 16:42:51 - INFO - Game initialized with data from config files and Location objects created.
2025-04-05 16:42:51 - INFO - Game loaded successfully from saves\karl.json
2025-04-05 16:42:51 - WARNING - Loaded daemon 'virulet' using legacy 'daemon_type'. Converted to types: ['VIRUS']
2025-04-05 16:42:51 - WARNING - Loaded daemon 'virulet' using legacy 'daemon_type'. Converted to types: ['VIRUS']
2025-04-05 16:42:51 - INFO - Loaded player: karl
2025-04-05 16:42:55 - INFO - Trying to move south from Home Terminal
2025-04-05 16:42:55 - INFO - No exit in direction south from Home Terminal
2025-04-05 16:42:56 - INFO - Trying to move south from Home Terminal
2025-04-05 16:42:56 - INFO - No exit in direction south from Home Terminal
2025-04-05 16:42:57 - INFO - Trying to move north from Home Terminal
2025-04-05 16:42:57 - INFO - No exit in direction north from Home Terminal
2025-04-05 16:42:57 - INFO - Trying to move west from Home Terminal
2025-04-05 16:42:57 - INFO - No exit in direction west from Home Terminal
2025-04-05 16:42:57 - INFO - Trying to move east from Home Terminal
2025-04-05 16:42:57 - INFO - No exit in direction east from Home Terminal
2025-04-05 16:42:58 - INFO - Trying to move north from Home Terminal
2025-04-05 16:42:58 - INFO - No exit in direction north from Home Terminal
2025-04-05 16:42:58 - INFO - Trying to move west from Home Terminal
2025-04-05 16:42:58 - INFO - No exit in direction west from Home Terminal
2025-04-05 16:42:58 - INFO - Trying to move east from Home Terminal
2025-04-05 16:42:58 - INFO - No exit in direction east from Home Terminal
2025-04-05 16:42:58 - INFO - Trying to move south from Home Terminal
2025-04-05 16:42:58 - INFO - No exit in direction south from Home Terminal
2025-04-05 16:42:59 - INFO - Trying to move north from Home Terminal
2025-04-05 16:42:59 - INFO - No exit in direction north from Home Terminal
2025-04-05 16:42:59 - INFO - Trying to move west from Home Terminal
2025-04-05 16:42:59 - INFO - No exit in direction west from Home Terminal
2025-04-05 16:42:59 - INFO - Trying to move east from Home Terminal
2025-04-05 16:42:59 - INFO - No exit in direction east from Home Terminal
2025-04-05 16:42:59 - INFO - Trying to move south from Home Terminal
2025-04-05 16:42:59 - INFO - No exit in direction south from Home Terminal
2025-04-05 16:43:07 - INFO - Game shutting down
