2025-04-05 15:26:58 - INFO - Logging initialized
2025-04-05 15:26:58 - INFO - Starting CNRD bootstrap process
2025-04-05 15:26:58 - INFO - Game starting up
2025-04-05 15:26:59 - INFO - Successfully loaded data from config\daemons.json
2025-04-05 15:26:59 - INFO - Successfully loaded data from config\programs.json
2025-04-05 15:26:59 - INFO - Successfully loaded data from config\locations.json
2025-04-05 15:26:59 - INFO - Game data loaded successfully
2025-04-05 15:26:59 - INFO - Game initialized with data from config files and Location objects created.
2025-04-05 15:26:59 - INFO - Game loaded successfully from saves\karl.json
2025-04-05 15:26:59 - WARNING - Loaded daemon 'virulet' using legacy 'daemon_type'. Converted to types: ['VIRUS']
2025-04-05 15:26:59 - WARNING - Loaded daemon 'virulet' using legacy 'daemon_type'. Converted to types: ['VIRUS']
2025-04-05 15:26:59 - INFO - Loaded player: karl
2025-04-05 15:27:03 - INFO - Player moved east to Downtown District
2025-04-05 15:27:03 - INFO - Player moved west to Home
2025-04-05 15:27:04 - INFO - Player moved east to Downtown District
2025-04-05 15:27:04 - INFO - Player moved west to Home
2025-04-05 15:27:04 - INFO - Player moved north to Uptown District
2025-04-05 15:27:07 - INFO - Player moved south to Home
2025-04-05 15:27:07 - INFO - Player moved east to Downtown District
2025-04-05 15:27:08 - INFO - Player moved west to Home
2025-04-05 15:27:08 - INFO - Player moved north to Uptown District
2025-04-05 15:27:08 - INFO - Player moved south to Home
2025-04-05 15:27:13 - INFO - Player moved east to Downtown District
2025-04-05 15:27:14 - INFO - Player moved north to Central Network Hub
2025-04-05 15:27:16 - INFO - Player moved south to Downtown District
2025-04-05 15:27:16 - INFO - Player moved west to Home
2025-04-05 15:27:16 - INFO - Player moved east to Downtown District
2025-04-05 15:27:17 - INFO - Player moved west to Home
2025-04-05 15:27:17 - INFO - Player moved north to Uptown District
2025-04-05 15:27:17 - INFO - Player moved east to Central Network Hub
2025-04-05 15:27:17 - INFO - Player moved south to Downtown District
2025-04-05 15:27:17 - INFO - Player moved west to Home
2025-04-05 15:27:17 - INFO - Player moved north to Uptown District
2025-04-05 15:27:18 - INFO - Player moved east to Central Network Hub
2025-04-05 15:27:32 - INFO - Player moved north to Daemon Research Lab
2025-04-05 15:27:33 - INFO - Player moved south to Central Network Hub
