2025-04-05 19:54:45 - INFO - Logging initialized
2025-04-05 19:54:45 - INFO - Starting CNRD bootstrap process
2025-04-05 19:54:45 - WARNING - Dev instruction file main_instructions.txt not found
2025-04-05 19:54:45 - WARNING - Dev instruction file menu_instructions.txt not found
2025-04-05 19:54:45 - INFO - Game initialized with data from config files and Location objects created.
2025-04-05 19:54:50 - INFO - Starting new game
2025-04-05 19:54:53 - INFO - No exit in direction west from Dark Alley
2025-04-05 19:54:53 - INFO - Cannot move in that direction.
2025-04-05 19:54:53 - INFO - No exit in direction west from Maintenance Tunnel
2025-04-05 19:54:53 - INFO - Cannot move in that direction.
2025-04-05 19:54:53 - INFO - No exit in direction east from Maintenance Tunnel
2025-04-05 19:54:53 - INFO - Cannot move in that direction.
2025-04-05 19:54:54 - INFO - No exit in direction west from Maintenance Tunnel
2025-04-05 19:54:54 - INFO - Cannot move in that direction.
2025-04-05 19:54:55 - INFO - No exit in direction west from Maintenance Tunnel
2025-04-05 19:54:55 - INFO - Cannot move in that direction.
2025-04-05 19:54:55 - INFO - No exit in direction east from Maintenance Tunnel
2025-04-05 19:54:55 - INFO - Cannot move in that direction.
2025-04-05 19:54:55 - INFO - No exit in direction north from Grid Access Point
2025-04-05 19:54:55 - INFO - Cannot move in that direction.
2025-04-05 19:54:55 - INFO - No exit in direction south from Dataport Hub
2025-04-05 19:54:55 - INFO - Cannot move in that direction.
2025-04-05 19:54:56 - INFO - No exit in direction west from Maintenance Tunnel
2025-04-05 19:54:56 - INFO - Cannot move in that direction.
2025-04-05 19:54:56 - INFO - No exit in direction east from Maintenance Tunnel
2025-04-05 19:54:56 - INFO - Cannot move in that direction.
2025-04-05 19:54:56 - INFO - No exit in direction west from Maintenance Tunnel
2025-04-05 19:54:56 - INFO - Cannot move in that direction.
2025-04-05 19:54:57 - INFO - No exit in direction east from Uptown Plaza
2025-04-05 19:54:57 - INFO - Cannot move in that direction.
2025-04-05 19:54:58 - INFO - No exit in direction north from Luxury Apartments
2025-04-05 19:54:58 - INFO - Cannot move in that direction.
2025-04-05 19:54:58 - INFO - No exit in direction north from Corporate Plaza
2025-04-05 19:54:58 - INFO - Cannot move in that direction.
2025-04-05 19:54:58 - INFO - No exit in direction north from Research Wing
2025-04-05 19:54:58 - INFO - Cannot move in that direction.
2025-04-05 19:54:59 - INFO - No exit in direction west from Research Wing
2025-04-05 19:54:59 - INFO - Cannot move in that direction.
2025-04-05 19:54:59 - INFO - No exit in direction north from Research Wing
2025-04-05 19:54:59 - INFO - Cannot move in that direction.
2025-04-05 19:55:00 - INFO - No exit in direction north from Luxury Apartments
2025-04-05 19:55:00 - INFO - Cannot move in that direction.
2025-04-05 19:55:00 - INFO - No exit in direction north from Luxury Apartments
2025-04-05 19:55:00 - INFO - Cannot move in that direction.
2025-04-05 19:55:01 - INFO - No exit in direction north from Luxury Apartments
2025-04-05 19:55:01 - INFO - Cannot move in that direction.
2025-04-05 19:55:01 - INFO - No exit in direction west from Luxury Apartments
2025-04-05 19:55:01 - INFO - Cannot move in that direction.
2025-04-05 19:55:01 - INFO - No exit in direction south from Research Wing
2025-04-05 19:55:01 - INFO - Cannot move in that direction.
2025-04-05 19:55:10 - INFO - Game log saved to logs\game_session_20250405_195510.log
