2025-04-05 11:37:04 - INFO - Game starting up
2025-04-05 11:37:04 - INFO - Successfully loaded data from config\daemons.json
2025-04-05 11:37:04 - INFO - Successfully loaded data from config\programs.json
2025-04-05 11:37:04 - INFO - Successfully loaded data from config\locations.json
2025-04-05 11:37:04 - INFO - Game data loaded successfully
2025-04-05 11:37:04 - INFO - Game initialized with data from config files and Location objects created.
2025-04-05 11:37:04 - INFO - Game loaded successfully from saves\karl.json
2025-04-05 11:37:04 - ERROR - Failed to load daemon from data: {'name': 'virulet', 'daemon_type': 'VIRUS', 'level': 5, 'base_hp': 20, 'base_attack': 12, 'base_defense': 8, 'base_speed': 10, 'base_special': 9, 'hp': 28, 'max_hp': 28, 'attack': 16, 'defense': 11, 'speed': 14, 'special': 12, 'xp': 0, 'xp_needed': 300, 'programs': [{'id': 'DATA_SIPHON', 'name': 'Data Siphon', 'power': 40, 'accuracy': 95, 'type': 'VIRUS', 'effect': 'damage', 'description': 'Siphons data from the target causing damage'}, {'id': 'ENCRYPT_SHIELD', 'name': 'Encrypt Shield', 'power': 0, 'accuracy': 100, 'type': 'CRYPTO', 'effect': 'defend', 'description': 'Creates an encrypted shield to boost defense'}]}. Error: 'types'
Traceback (most recent call last):
  File "D:\PROJECTS\CNRD PROTOTYPE\player.py", line 303, in from_dict
    player.daemons.append(Daemon.from_dict(daemon_data))
  File "D:\PROJECTS\CNRD PROTOTYPE\daemon.py", line 356, in from_dict
    data["types"], # Changed from daemon_type
KeyError: 'types'
2025-04-05 11:37:04 - ERROR - Failed to load daemon from data: {'name': 'virulet', 'daemon_type': 'VIRUS', 'level': 7, 'base_hp': 20, 'base_attack': 12, 'base_defense': 8, 'base_speed': 10, 'base_special': 9, 'hp': 32, 'max_hp': 32, 'attack': 19, 'defense': 12, 'speed': 16, 'special': 14, 'xp': 0, 'xp_needed': 400, 'programs': [{'id': 'DATA_SIPHON', 'name': 'Data Siphon', 'power': 40, 'accuracy': 95, 'type': 'VIRUS', 'effect': 'damage', 'description': 'Siphons data from the target causing damage'}, {'id': 'ENCRYPT_SHIELD', 'name': 'Encrypt Shield', 'power': 0, 'accuracy': 100, 'type': 'CRYPTO', 'effect': 'defend', 'description': 'Creates an encrypted shield to boost defense'}]}. Error: 'types'
Traceback (most recent call last):
  File "D:\PROJECTS\CNRD PROTOTYPE\player.py", line 303, in from_dict
    player.daemons.append(Daemon.from_dict(daemon_data))
  File "D:\PROJECTS\CNRD PROTOTYPE\daemon.py", line 356, in from_dict
    data["types"], # Changed from daemon_type
KeyError: 'types'
2025-04-05 11:37:04 - INFO - Loaded player: karl
2025-04-05 11:37:25 - INFO - Player moved north to Uptown District
2025-04-05 11:37:30 - INFO - Player moved east to Central Network Hub
2025-04-05 11:37:37 - INFO - Player moved north to Daemon Research Lab
2025-04-05 11:38:05 - INFO - Game shutting down
2025-04-05 14:37:09 - INFO - Game starting up
2025-04-05 14:37:09 - INFO - Successfully loaded data from config\daemons.json
2025-04-05 14:37:09 - INFO - Successfully loaded data from config\programs.json
2025-04-05 14:37:09 - INFO - Successfully loaded data from config\locations.json
2025-04-05 14:37:09 - INFO - Game data loaded successfully
2025-04-05 14:37:09 - INFO - Game initialized with data from config files and Location objects created.
2025-04-05 14:37:09 - INFO - Game loaded successfully from saves\karl.json
2025-04-05 14:37:09 - WARNING - Loaded daemon 'virulet' using legacy 'daemon_type'. Converted to types: ['VIRUS']
2025-04-05 14:37:09 - WARNING - Loaded daemon 'virulet' using legacy 'daemon_type'. Converted to types: ['VIRUS']
2025-04-05 14:37:09 - INFO - Loaded player: karl
2025-04-05 14:37:17 - INFO - Player moved north to Uptown District
2025-04-05 14:37:18 - INFO - Player moved east to Central Network Hub
2025-04-05 14:37:19 - INFO - Player moved south to Downtown District
2025-04-05 14:37:19 - INFO - Player moved west to Home
2025-04-05 14:37:19 - INFO - Player moved north to Uptown District
2025-04-05 14:37:19 - INFO - Player moved east to Central Network Hub
2025-04-05 14:37:19 - INFO - Player moved west to Uptown District
2025-04-05 14:37:20 - INFO - Player moved south to Home
2025-04-05 14:37:21 - INFO - Player moved north to Uptown District
2025-04-05 14:37:21 - INFO - Player moved east to Central Network Hub
2025-04-05 14:37:22 - INFO - Player moved west to Uptown District
2025-04-05 14:37:28 - INFO - Player moved south to Home
2025-04-05 14:37:29 - INFO - Player moved north to Uptown District
2025-04-05 14:37:29 - INFO - Player moved east to Central Network Hub
2025-04-05 14:37:29 - INFO - Player moved north to Daemon Research Lab
2025-04-05 14:37:31 - INFO - Player moved south to Central Network Hub
2025-04-05 14:37:31 - INFO - Player moved west to Uptown District
2025-04-05 14:37:31 - INFO - Player moved east to Central Network Hub
2025-04-05 14:37:31 - INFO - Player moved west to Uptown District
2025-04-05 14:37:43 - INFO - Game shutting down
2025-04-05 15:03:56 - INFO - Game starting up
2025-04-05 15:03:56 - INFO - Successfully loaded data from config\daemons.json
2025-04-05 15:03:56 - INFO - Successfully loaded data from config\programs.json
2025-04-05 15:03:56 - INFO - Successfully loaded data from config\locations.json
2025-04-05 15:03:56 - INFO - Game data loaded successfully
2025-04-05 15:03:56 - INFO - Game initialized with data from config files and Location objects created.
2025-04-05 15:03:56 - INFO - Game loaded successfully from saves\karl.json
2025-04-05 15:03:56 - WARNING - Loaded daemon 'virulet' using legacy 'daemon_type'. Converted to types: ['VIRUS']
2025-04-05 15:03:56 - WARNING - Loaded daemon 'virulet' using legacy 'daemon_type'. Converted to types: ['VIRUS']
2025-04-05 15:03:56 - INFO - Loaded player: karl
2025-04-05 15:04:01 - INFO - Player moved north to Uptown District
2025-04-05 15:04:01 - INFO - Player moved east to Central Network Hub
2025-04-05 15:04:01 - INFO - Player moved west to Uptown District
2025-04-05 15:04:01 - INFO - Player moved south to Home
2025-04-05 15:04:02 - INFO - Player moved east to Downtown District
2025-04-05 15:04:02 - INFO - Player moved north to Central Network Hub
2025-04-05 15:04:02 - INFO - Player moved west to Uptown District
2025-04-05 15:04:02 - INFO - Player moved east to Central Network Hub
2025-04-05 15:04:02 - INFO - Player moved north to Daemon Research Lab
2025-04-05 15:04:02 - INFO - Player moved south to Central Network Hub
2025-04-05 15:04:03 - INFO - Player moved west to Uptown District
2025-04-05 15:04:03 - INFO - Player moved east to Central Network Hub
2025-04-05 15:04:03 - INFO - Player moved north to Daemon Research Lab
2025-04-05 15:04:04 - INFO - Player moved south to Central Network Hub
2025-04-05 15:04:05 - INFO - Player moved south to Downtown District
2025-04-05 15:04:08 - INFO - Player moved west to Home
2025-04-05 15:04:17 - INFO - Player moved east to Downtown District
2025-04-05 15:04:17 - INFO - Player moved north to Central Network Hub
2025-04-05 15:04:17 - INFO - Player moved west to Uptown District
2025-04-05 15:04:17 - INFO - Player moved east to Central Network Hub
2025-04-05 15:04:17 - INFO - Player moved north to Daemon Research Lab
2025-04-05 15:04:18 - INFO - Player moved south to Central Network Hub
2025-04-05 15:04:18 - INFO - Player moved west to Uptown District
2025-04-05 15:04:20 - INFO - Game shutting down
